Arguments: 
  C:\Program Files\nodejs\node.exe C:\Users\rajee\AppData\Roaming\npm\node_modules\yarn\bin\yarn.js add @react-navigation/bottom-tabs.

PATH: 
  C:\Python310\Scripts\;C:\Python310\;C:\Program Files (x86)\Common Files\Oracle\Java\javapath;C:\WINDOWS\system32;C:\WINDOWS;C:\WINDOWS\System32\Wbem;C:\WINDOWS\System32\WindowsPowerShell\v1.0\;C:\WINDOWS\System32\OpenSSH\;C:\Program Files\Microsoft SQL Server\Client SDK\ODBC\170\Tools\Binn\;C:\Program Files (x86)\Microsoft SQL Server\150\Tools\Binn\;C:\Program Files\Microsoft SQL Server\150\Tools\Binn\;C:\Program Files\Microsoft SQL Server\150\DTS\Binn\;C:\Program Files (x86)\Microsoft SQL Server\150\DTS\Binn\;C:\Program Files\Azure Data Studio\bin;C:\Program Files\nodejs\;C:\ProgramData\chocolatey\bin;C:\Users\rajee\AppData\Local\Microsoft\WindowsApps;C:\Program Files\Azure Data Studio\bin;C:\Users\rajee\AppData\Roaming\npm;C:\Users\rajee\AppData\Local\Programs\Microsoft VS Code\bin;C:\Users\rajee\AppData\Roaming\Python\Python38\Scripts;

Yarn version: 
  1.22.18

Node version: 
  16.14.2

Platform: 
  win32 x64

Trace: 
  Error: https://registry.yarnpkg.com/@react-navigation%2fbottom-tabs.: Not found
      at Request.params.callback [as _callback] (C:\Users\rajee\AppData\Roaming\npm\node_modules\yarn\lib\cli.js:66138:18)
      at Request.self.callback (C:\Users\rajee\AppData\Roaming\npm\node_modules\yarn\lib\cli.js:140883:22)
      at Request.emit (node:events:526:28)
      at Request.<anonymous> (C:\Users\rajee\AppData\Roaming\npm\node_modules\yarn\lib\cli.js:141855:10)
      at Request.emit (node:events:526:28)
      at IncomingMessage.<anonymous> (C:\Users\rajee\AppData\Roaming\npm\node_modules\yarn\lib\cli.js:141777:12)
      at Object.onceWrapper (node:events:645:28)
      at IncomingMessage.emit (node:events:538:35)
      at endReadableNT (node:internal/streams/readable:1345:12)
      at processTicksAndRejections (node:internal/process/task_queues:83:21)

npm manifest: 
  {
    "name": "st--solution",
    "version": "1.0.0",
    "main": "node_modules/expo/AppEntry.js",
    "scripts": {
      "start": "expo start",
      "android": "expo start --android",
      "ios": "expo start --ios",
      "web": "expo start --web",
      "eject": "expo eject"
    },
    "dependencies": {
      "@react-native-community/masked-view": "^0.1.11",
      "@react-navigation/bottom-tabs": "^6.2.0",
      "@react-navigation/drawer": "^6.3.1",
      "@react-navigation/material-bottom-tabs": "^6.1.1",
      "@react-navigation/native": "^6.0.8",
      "@react-navigation/stack": "^6.1.1",
      "expo": "~44.0.0",
      "expo-app-loading": "~1.3.0",
      "expo-font": "~10.0.4",
      "expo-google-app-auth": "~8.3.0",
      "expo-speech": "~10.1.0",
      "expo-status-bar": "~1.2.0",
      "firebase": "8.10.0",
      "react": "17.0.1",
      "react-dom": "17.0.1",
      "react-native": "0.64.3",
      "react-native-dropdown-picker": "^5.3.0",
      "react-native-gesture-handler": "~2.1.0",
      "react-native-paper": "^4.11.2",
      "react-native-reanimated": "~2.3.1",
      "react-native-responsive-fontsize": "^0.5.1",
      "react-native-safe-area-context": "3.3.2",
      "react-native-screens": "~3.10.1",
      "react-native-web": "0.17.1",
      "react-navigation": "^4.4.4"
      
    },
    "devDependencies": {
      "@babel/core": "^7.12.9"
    },
    "private": true
  }

yarn manifest: 
  No manifest

Lockfile: 
  No lockfile
